<?xml version="1.0" encoding="UTF-8"?>
<!-- Generated by org.testng.reporters.JUnitReportReporter -->
<testsuite skipped="0" hostname="Geethas-Air.hsd1.ca.comcast.net" name="com.opsmx.test.UITest" tests="3" failures="0" timestamp="17 May 2018 17:40:17 GMT" time="57.245" errors="0">
  <testcase name="UITesting" time="22.623" classname="com.opsmx.test.UITest"/>
  <testcase name="UITesting" time="17.633" classname="com.opsmx.test.UITest"/>
  <testcase name="UITesting" time="16.989" classname="com.opsmx.test.UITest"/>
</testsuite> <!-- com.opsmx.test.UITest -->
